INFO:	2024/10/11 10:43:24 Starting server on :8080
INFO:	2024/10/11 10:43:28 [::1]:54478 - HTTP/1.1 GET /
INFO:	2024/10/11 10:43:28 [::1]:54478 - HTTP/1.1 GET /static/css/main.css
INFO:	2024/10/11 10:43:28 [::1]:54479 - HTTP/1.1 GET /static/js/main.js
INFO:	2024/10/11 10:43:29 [::1]:54478 - HTTP/1.1 GET /static/img/favicon.ico
INFO:	2024/10/11 10:43:38 [::1]:54478 - HTTP/1.1 GET /update
INFO:	2024/10/11 10:43:38 Current Feed count=2
INFO:	2024/10/11 10:43:38 Started Updating feeds
INFO:	2024/10/11 10:43:38 Updating feed with url https://nordictechjobs.com/jobs
INFO:	2024/10/11 10:43:38 creating feed items for url https://nordictechjobs.com/jobs
ERROR:	2024/10/11 10:43:39 updater.go:27: failed to open file: err=open static/rss/nordic.xml: no such file or directory
INFO:	2024/10/11 10:43:39 Finished Updating feeds
INFO:	2024/10/11 10:44:29 Starting server on :8080
INFO:	2024/10/11 10:44:33 [::1]:54484 - HTTP/1.1 GET /
INFO:	2024/10/11 10:44:33 [::1]:54484 - HTTP/1.1 GET /static/css/main.css
INFO:	2024/10/11 10:44:33 [::1]:54485 - HTTP/1.1 GET /static/js/main.js
INFO:	2024/10/11 10:44:38 [::1]:54484 - HTTP/1.1 GET /update
INFO:	2024/10/11 10:44:38 Current Feed count=2
INFO:	2024/10/11 10:44:38 Started Updating feeds
INFO:	2024/10/11 10:44:38 Updating feed with url https://nordictechjobs.com/jobs
INFO:	2024/10/11 10:44:38 creating feed items for url https://nordictechjobs.com/jobs
INFO:	2024/10/11 10:44:39 Current item_counts=15 for feed=nordic.xml
ERROR:	2024/10/11 10:44:39 middleware.go:38: assignment to entry in nil map
goroutine 37 [running]:
runtime/debug.Stack()
	/usr/local/go/src/runtime/debug/stack.go:26 +0x64
main.(*application).serverError(0x140003214c0, {0x104bb9bb0, 0x140002fe460}, {0x104bb4cf8?, 0x14000328e10?})
	/Users/ravi/programs/golang/feedcreator/cmd/web/helpers.go:16 +0x44
main.(*application).recoverPanic-fm.(*application).recoverPanic.func1.1()
	/Users/ravi/programs/golang/feedcreator/cmd/web/middleware.go:38 +0xb8
panic({0x104afc9c0?, 0x104bb3a50?})
	/usr/local/go/src/runtime/panic.go:785 +0x124
github.com/rk1165/feedcreator/pkg/feeder.getGUIDs(...)
	/Users/ravi/programs/golang/feedcreator/pkg/feeder/updater.go:70
github.com/rk1165/feedcreator/pkg/feeder.UpdateFeed(0x14000315180)
	/Users/ravi/programs/golang/feedcreator/pkg/feeder/updater.go:45 +0x308
github.com/rk1165/feedcreator/pkg/feeder.UpdateFeeds({0x14000328f50, 0x2, 0x2?})
	/Users/ravi/programs/golang/feedcreator/pkg/feeder/updater.go:15 +0x6c
main.(*application).updateFeeds(0x140003214c0, {0x104bb9bb0, 0x140002fe460}, 0x10?)
	/Users/ravi/programs/golang/feedcreator/cmd/web/handlers.go:140 +0xf4
net/http.HandlerFunc.ServeHTTP(0x140002fe1c0?, {0x104bb9bb0?, 0x140002fe460?}, 0x104866198?)
	/usr/local/go/src/net/http/server.go:2220 +0x38
net/http.(*ServeMux).ServeHTTP(0x104b569c0?, {0x104bb9bb0, 0x140002fe460}, 0x140001b4c80)
	/usr/local/go/src/net/http/server.go:2747 +0x1b4
main.secureHeaders.func1({0x104bb9bb0, 0x140002fe460}, 0x140001b4c80)
	/Users/ravi/programs/golang/feedcreator/cmd/web/middleware.go:16 +0x37c
net/http.HandlerFunc.ServeHTTP(0x14000132694?, {0x104bb9bb0?, 0x140002fe460?}, 0x14000049a40?)
	/usr/local/go/src/net/http/server.go:2220 +0x38
main.(*application).logRequest-fm.(*application).logRequest.func1({0x104bb9bb0, 0x140002fe460}, 0x140001b4c80)
	/Users/ravi/programs/golang/feedcreator/cmd/web/middleware.go:23 +0x134
net/http.HandlerFunc.ServeHTTP(0x155da6ebc?, {0x104bb9bb0?, 0x140002fe460?}, 0x10438f130?)
	/usr/local/go/src/net/http/server.go:2220 +0x38
main.(*application).recoverPanic-fm.(*application).recoverPanic.func1({0x104bb9bb0?, 0x140002fe460?}, 0x14000334600?)
	/Users/ravi/programs/golang/feedcreator/cmd/web/middleware.go:41 +0x74
net/http.HandlerFunc.ServeHTTP(0x0?, {0x104bb9bb0?, 0x140002fe460?}, 0x14000049b60?)
	/usr/local/go/src/net/http/server.go:2220 +0x38
net/http.serverHandler.ServeHTTP({0x14000334600?}, {0x104bb9bb0?, 0x140002fe460?}, 0x6?)
	/usr/local/go/src/net/http/server.go:3210 +0xbc
net/http.(*conn).serve(0x1400015e1b0, {0x104bbb808, 0x14000334510})
	/usr/local/go/src/net/http/server.go:2092 +0x4fc
created by net/http.(*Server).Serve in goroutine 1
	/usr/local/go/src/net/http/server.go:3360 +0x3dc
INFO:	2024/10/11 10:46:31 Starting server on :8080
INFO:	2024/10/11 10:46:34 [::1]:54493 - HTTP/1.1 GET /update
INFO:	2024/10/11 10:46:34 Current Feed count=2
INFO:	2024/10/11 10:46:34 Started Updating feeds
INFO:	2024/10/11 10:46:34 Updating feed with url https://nordictechjobs.com/jobs
INFO:	2024/10/11 10:46:34 creating feed items for url https://nordictechjobs.com/jobs
INFO:	2024/10/11 10:46:34 Current item_counts=15 for feed=nordic.xml
INFO:	2024/10/11 10:46:34 guids map[-yhXIG7thY2cItCcoElIoqOi5IKK_-Mxjbx_vygBBRc=:true 4fufzirjZh3Kxsim6qEe470Z2wbJ89v84bwc-QtSH5Y=:true 5pWKSAXh8t3ETpdZ7s6ZpRg4vIl9cnUlNULPhpZjEbo=:true 7CO1MTr3FTzpEqJJYFB0C_vzvYY27EOx7I1tJPKXAF8=:true 7lXzLt4VhJR6P33_JV5lK9gpixpRvLFRcHX4WyD6A1E=:true 9EIfamuq-QY4AWKGkGcngvUOFc1ohBCM5EEYWncmP8Q=:true LHrQFlQmIgwvzcPOZ8Oe48aXnDIhNLD5NzEzPU4ukaI=:true S--Plg-h_-hVCeGE1QjLou_6acN0wOvUUrhhYb97uTw=:true Ux8Sn-puA6GyvOmSSlUGFxWy_jcKM5z_jCuEA0tBbHs=:true WsvsG5pALNi8zlWbxXDZlY9GI-klsBPg3ns3XNox86M=:true gMM9fnT_57Hebe_nOq5FdF50TVat6U18Ry27oVjmTV4=:true iiRWDrCkfQRZL4ppI0-86LbiCYgcNzz8A_gmyaxlH1s=:true jTnycpYtcNAhIF6W3rNojkXXkez0IowM6T6-BhTmxww=:true jsswaOgtNJESruea2TQTRLtjScYcdVD5YybmzDTJk9c=:true rc_q6FyMxyzDLTEDsPa3p7nVz10FMFTnnZNv-MLeBe4=:true]
INFO:	2024/10/11 10:46:34 Updated item_counts=25 for feed=nordic.xml
INFO:	2024/10/11 10:46:34 Updated feed with url https://nordictechjobs.com/jobs
INFO:	2024/10/11 10:46:34 Finished Updating feeds
INFO:	2024/10/11 10:49:51 Starting server on :8080
INFO:	2024/10/11 10:49:54 [::1]:54502 - HTTP/1.1 GET /update
INFO:	2024/10/11 10:49:54 Current Feed count=2
INFO:	2024/10/11 10:49:54 Started Updating feeds
INFO:	2024/10/11 10:49:54 Updating feed with url https://nordictechjobs.com/jobs
INFO:	2024/10/11 10:49:54 creating feed items for url https://nordictechjobs.com/jobs
INFO:	2024/10/11 10:49:55 Current item_counts=15 for feed=nordic.xml
INFO:	2024/10/11 10:49:55 Updated item_counts=25 for feed=nordic.xml
INFO:	2024/10/11 10:49:55 Updated feed with url https://nordictechjobs.com/jobs
INFO:	2024/10/11 10:49:55 Finished Updating feeds
INFO:	2024/10/11 10:52:04 Starting server on :8080
INFO:	2024/10/11 10:52:08 [::1]:54511 - HTTP/1.1 GET /update
INFO:	2024/10/11 10:52:08 Current Feed count=2
INFO:	2024/10/11 10:52:08 Started Updating feeds
INFO:	2024/10/11 10:52:08 Updating feed with url https://nordictechjobs.com/jobs
INFO:	2024/10/11 10:52:08 creating feed items for url https://nordictechjobs.com/jobs
INFO:	2024/10/11 10:52:09 Current item_counts=15 for feed=nordic.xml
INFO:	2024/10/11 10:52:09 guids map[-yhXIG7thY2cItCcoElIoqOi5IKK_-Mxjbx_vygBBRc=:true 4fufzirjZh3Kxsim6qEe470Z2wbJ89v84bwc-QtSH5Y=:true 5pWKSAXh8t3ETpdZ7s6ZpRg4vIl9cnUlNULPhpZjEbo=:true 7CO1MTr3FTzpEqJJYFB0C_vzvYY27EOx7I1tJPKXAF8=:true 7lXzLt4VhJR6P33_JV5lK9gpixpRvLFRcHX4WyD6A1E=:true 9EIfamuq-QY4AWKGkGcngvUOFc1ohBCM5EEYWncmP8Q=:true LHrQFlQmIgwvzcPOZ8Oe48aXnDIhNLD5NzEzPU4ukaI=:true S--Plg-h_-hVCeGE1QjLou_6acN0wOvUUrhhYb97uTw=:true Ux8Sn-puA6GyvOmSSlUGFxWy_jcKM5z_jCuEA0tBbHs=:true WsvsG5pALNi8zlWbxXDZlY9GI-klsBPg3ns3XNox86M=:true gMM9fnT_57Hebe_nOq5FdF50TVat6U18Ry27oVjmTV4=:true iiRWDrCkfQRZL4ppI0-86LbiCYgcNzz8A_gmyaxlH1s=:true jTnycpYtcNAhIF6W3rNojkXXkez0IowM6T6-BhTmxww=:true jsswaOgtNJESruea2TQTRLtjScYcdVD5YybmzDTJk9c=:true rc_q6FyMxyzDLTEDsPa3p7nVz10FMFTnnZNv-MLeBe4=:true]
INFO:	2024/10/11 10:52:09 Updated item_counts=25 for feed=nordic.xml
INFO:	2024/10/11 10:52:09 Updated feed with url https://nordictechjobs.com/jobs
INFO:	2024/10/11 10:52:09 Finished Updating feeds
INFO:	2024/10/11 11:37:52 Starting server on :8080
INFO:	2024/10/11 11:38:21 [::1]:54584 - HTTP/1.1 GET /
INFO:	2024/10/11 11:38:21 [::1]:54584 - HTTP/1.1 GET /static/css/main.css
INFO:	2024/10/11 11:38:21 [::1]:54585 - HTTP/1.1 GET /static/js/main.js
INFO:	2024/10/11 11:38:24 [::1]:54584 - HTTP/1.1 GET /feeds
INFO:	2024/10/11 11:38:24 [::1]:54584 - HTTP/1.1 GET /static/css/main.css
INFO:	2024/10/11 11:38:24 [::1]:54585 - HTTP/1.1 GET /static/js/main.js
INFO:	2024/10/11 11:38:40 [::1]:54586 - HTTP/1.1 GET /static/rss/nordic.xml
INFO:	2024/10/11 11:38:40 [::1]:54586 - HTTP/1.1 GET /static/rss/nordic.xml
INFO:	2024/10/11 11:38:45 [::1]:54586 - HTTP/1.1 GET /static/rss/nordic.xml
INFO:	2024/10/11 11:39:05 [::1]:54584 - HTTP/1.1 GET /update
INFO:	2024/10/11 11:39:05 Current Feed count=2
INFO:	2024/10/11 11:39:05 Started Updating feeds
INFO:	2024/10/11 11:39:05 Updating feed with url https://nordictechjobs.com/jobs
INFO:	2024/10/11 11:39:05 creating feed items for url https://nordictechjobs.com/jobs
ERROR:	2024/10/11 11:39:06 updater.go:22: Error reading RSS feed: failed to unmarshal rss feed file: nil pointer passed to Unmarshal
INFO:	2024/10/11 11:39:06 Finished Updating feeds
INFO:	2024/10/11 11:42:09 Starting server on :8080
INFO:	2024/10/11 11:42:16 [::1]:54598 - HTTP/1.1 GET /update
INFO:	2024/10/11 11:42:16 Current Feed count=2
INFO:	2024/10/11 11:42:16 Started Updating feeds
INFO:	2024/10/11 11:42:16 Updating feed with url https://nordictechjobs.com/jobs
INFO:	2024/10/11 11:42:16 creating feed items for url https://nordictechjobs.com/jobs
INFO:	2024/10/11 11:42:17 Current item_counts=15 for feed=nordic.xml
INFO:	2024/10/11 11:42:17 Updated item_counts=25 for feed=nordic.xml
INFO:	2024/10/11 11:42:17 Updated feed with url https://nordictechjobs.com/jobs
INFO:	2024/10/11 11:42:17 Finished Updating feeds
INFO:	2024/10/11 11:42:35 [::1]:54601 - HTTP/1.1 GET /static/rss/nordic.xml
INFO:	2024/10/11 11:44:52 [::1]:54607 - HTTP/1.1 GET /static/rss/nordic.xml
INFO:	2024/10/11 11:45:54 [::1]:54610 - HTTP/1.1 GET /static/rss/nordic.xml
INFO:	2024/10/11 11:46:17 [::1]:54610 - HTTP/1.1 GET /static/rss/nordic.xml
INFO:	2024/10/11 11:46:17 [::1]:54610 - HTTP/1.1 GET /static/rss/nordic.xml
INFO:	2024/10/11 11:46:51 [::1]:54610 - HTTP/1.1 GET /static/rss/nordic.xml
INFO:	2024/10/11 11:46:51 [::1]:54610 - HTTP/1.1 GET /static/rss/nordic.xml
INFO:	2024/10/11 11:46:53 [::1]:54610 - HTTP/1.1 GET /static/rss/nordic.xml
INFO:	2024/10/11 11:56:06 Starting server on :8080
INFO:	2024/10/11 11:56:15 [::1]:54630 - HTTP/1.1 GET /
INFO:	2024/10/11 11:56:15 [::1]:54630 - HTTP/1.1 GET /static/css/main.css
INFO:	2024/10/11 11:56:15 [::1]:54631 - HTTP/1.1 GET /static/js/main.js
INFO:	2024/10/11 11:56:17 [::1]:54631 - HTTP/1.1 GET /feed/create
INFO:	2024/10/11 11:56:17 [::1]:54630 - HTTP/1.1 GET /static/js/main.js
INFO:	2024/10/11 11:56:17 [::1]:54631 - HTTP/1.1 GET /static/css/main.css
INFO:	2024/10/11 11:58:02 [::1]:54642 - HTTP/1.1 POST /feed/create
INFO:	2024/10/11 11:58:02 Feed nordic does not exist
INFO:	2024/10/11 11:58:02 creating feed items for url https://nordictechjobs.com/jobs
INFO:	2024/10/11 11:58:02 [::1]:54642 - HTTP/1.1 GET /static/css/main.css
INFO:	2024/10/11 11:58:02 [::1]:54643 - HTTP/1.1 GET /static/js/main.js
INFO:	2024/10/11 11:58:04 RSS file created successfully
INFO:	2024/10/11 11:58:04 created feed with id 2
INFO:	2024/10/11 11:58:11 [::1]:54643 - HTTP/1.1 GET /feeds
INFO:	2024/10/11 11:58:11 [::1]:54643 - HTTP/1.1 GET /static/css/main.css
INFO:	2024/10/11 11:58:11 [::1]:54642 - HTTP/1.1 GET /static/js/main.js
INFO:	2024/10/11 11:58:33 [::1]:54648 - HTTP/1.1 GET /static/rss/nordic.xml
INFO:	2024/10/11 12:06:47 [::1]:54662 - HTTP/1.1 GET /static/rss/nordic.xml
INFO:	2024/10/11 12:06:47 [::1]:54662 - HTTP/1.1 GET /static/rss/nordic.xml/feed
INFO:	2024/10/11 12:53:49 Starting server on :8080
INFO:	2024/10/11 12:54:01 [::1]:54772 - HTTP/1.1 GET /
INFO:	2024/10/11 12:54:01 [::1]:54772 - HTTP/1.1 GET /static/css/main.css
INFO:	2024/10/11 12:54:01 [::1]:54773 - HTTP/1.1 GET /static/js/main.js
INFO:	2024/10/11 12:54:03 [::1]:54772 - HTTP/1.1 GET /feed/create
INFO:	2024/10/11 12:54:03 [::1]:54772 - HTTP/1.1 GET /static/css/main.css
INFO:	2024/10/11 12:54:03 [::1]:54773 - HTTP/1.1 GET /static/js/main.js
INFO:	2024/10/11 12:54:04 [::1]:54774 - HTTP/1.1 GET /feeds
INFO:	2024/10/11 12:54:04 [::1]:54774 - HTTP/1.1 GET /static/css/main.css
INFO:	2024/10/11 12:54:04 [::1]:54775 - HTTP/1.1 GET /static/js/main.js
INFO:	2024/10/11 12:54:05 [::1]:54775 - HTTP/1.1 GET /feed/create
INFO:	2024/10/11 12:54:05 [::1]:54775 - HTTP/1.1 GET /static/css/main.css
INFO:	2024/10/11 12:54:05 [::1]:54774 - HTTP/1.1 GET /static/js/main.js
INFO:	2024/10/11 12:54:23 [::1]:54777 - HTTP/1.1 POST /feed/create
INFO:	2024/10/11 12:54:23 Feed nordic does not exist
INFO:	2024/10/11 12:54:23 creating feed items for url https://nordictechjobs.com/jobs
INFO:	2024/10/11 12:54:23 [::1]:54777 - HTTP/1.1 GET /static/css/main.css
INFO:	2024/10/11 12:54:23 [::1]:54778 - HTTP/1.1 GET /static/js/main.js
INFO:	2024/10/11 12:54:24 RSS file created successfully
INFO:	2024/10/11 12:54:24 created feed with id 1
INFO:	2024/10/11 13:04:50 Starting server on :8080
INFO:	2024/10/11 13:04:56 [::1]:54813 - HTTP/1.1 GET /feed/create
INFO:	2024/10/11 13:04:56 [::1]:54813 - HTTP/1.1 GET /static/css/main.css
INFO:	2024/10/11 13:04:56 [::1]:54814 - HTTP/1.1 GET /static/js/main.js
INFO:	2024/10/11 13:05:12 [::1]:54815 - HTTP/1.1 POST /feed/create
INFO:	2024/10/11 13:05:12 Feed nordic does not exist
INFO:	2024/10/11 13:05:12 creating feed items for url https://nordictechjobs.com/jobs
INFO:	2024/10/11 13:05:12 [::1]:54815 - HTTP/1.1 GET /static/css/main.css
INFO:	2024/10/11 13:05:12 [::1]:54816 - HTTP/1.1 GET /static/js/main.js
INFO:	2024/10/11 13:05:13 RSS file created successfully
INFO:	2024/10/11 13:05:13 created feed with id 1
INFO:	2024/10/11 13:05:16 [::1]:54818 - HTTP/1.1 GET /feeds
INFO:	2024/10/11 13:05:16 [::1]:54818 - HTTP/1.1 GET /static/css/main.css
INFO:	2024/10/11 13:05:16 [::1]:54819 - HTTP/1.1 GET /static/js/main.js
INFO:	2024/10/11 13:05:19 [::1]:54820 - HTTP/1.1 GET /static/rss/nordic.xml
INFO:	2024/10/11 13:07:01 [::1]:54824 - HTTP/1.1 GET /static/rss/nordic.xml
INFO:	2024/10/11 13:07:01 [::1]:54824 - HTTP/1.1 GET /static/rss/nordic.xml
INFO:	2024/10/11 13:07:03 [::1]:54824 - HTTP/1.1 GET /static/rss/nordic.xml
INFO:	2024/10/11 13:08:20 [::1]:54827 - HTTP/1.1 GET /clean
INFO:	2024/10/11 13:08:20 Current Feed count=1
INFO:	2024/10/11 13:08:20 Started Cleaning feeds
INFO:	2024/10/11 13:08:20 Cleaning feed with url=https://nordictechjobs.com/jobs
INFO:	2024/10/11 13:08:20 Current item_counts=15 for feed=nordic.xml
ERROR:	2024/10/11 13:08:20 cleaner.go:46: Error parsing date: parsing time "Fri, 11 Oct 2024 07:35:13 GMT" as "02 Jan 06 15:04 MST": cannot parse "Fri, 11 Oct 2024 07:35:13 GMT" as "02"
ERROR:	2024/10/11 13:08:20 cleaner.go:46: Error parsing date: parsing time "Fri, 11 Oct 2024 07:35:13 GMT" as "02 Jan 06 15:04 MST": cannot parse "Fri, 11 Oct 2024 07:35:13 GMT" as "02"
ERROR:	2024/10/11 13:08:20 cleaner.go:46: Error parsing date: parsing time "Fri, 11 Oct 2024 07:35:13 GMT" as "02 Jan 06 15:04 MST": cannot parse "Fri, 11 Oct 2024 07:35:13 GMT" as "02"
ERROR:	2024/10/11 13:08:20 cleaner.go:46: Error parsing date: parsing time "Fri, 11 Oct 2024 07:35:13 GMT" as "02 Jan 06 15:04 MST": cannot parse "Fri, 11 Oct 2024 07:35:13 GMT" as "02"
ERROR:	2024/10/11 13:08:20 cleaner.go:46: Error parsing date: parsing time "Fri, 11 Oct 2024 07:35:13 GMT" as "02 Jan 06 15:04 MST": cannot parse "Fri, 11 Oct 2024 07:35:13 GMT" as "02"
ERROR:	2024/10/11 13:08:20 cleaner.go:46: Error parsing date: parsing time "Fri, 11 Oct 2024 07:35:13 GMT" as "02 Jan 06 15:04 MST": cannot parse "Fri, 11 Oct 2024 07:35:13 GMT" as "02"
ERROR:	2024/10/11 13:08:20 cleaner.go:46: Error parsing date: parsing time "Fri, 11 Oct 2024 07:35:13 GMT" as "02 Jan 06 15:04 MST": cannot parse "Fri, 11 Oct 2024 07:35:13 GMT" as "02"
ERROR:	2024/10/11 13:08:20 cleaner.go:46: Error parsing date: parsing time "Fri, 11 Oct 2024 07:35:13 GMT" as "02 Jan 06 15:04 MST": cannot parse "Fri, 11 Oct 2024 07:35:13 GMT" as "02"
ERROR:	2024/10/11 13:08:20 cleaner.go:46: Error parsing date: parsing time "Fri, 11 Oct 2024 07:35:13 GMT" as "02 Jan 06 15:04 MST": cannot parse "Fri, 11 Oct 2024 07:35:13 GMT" as "02"
ERROR:	2024/10/11 13:08:20 cleaner.go:46: Error parsing date: parsing time "Fri, 11 Oct 2024 07:35:13 GMT" as "02 Jan 06 15:04 MST": cannot parse "Fri, 11 Oct 2024 07:35:13 GMT" as "02"
ERROR:	2024/10/11 13:08:20 cleaner.go:46: Error parsing date: parsing time "Fri, 11 Oct 2024 07:35:13 GMT" as "02 Jan 06 15:04 MST": cannot parse "Fri, 11 Oct 2024 07:35:13 GMT" as "02"
ERROR:	2024/10/11 13:08:20 cleaner.go:46: Error parsing date: parsing time "Fri, 07 Oct 2024 07:35:13 GMT" as "02 Jan 06 15:04 MST": cannot parse "Fri, 07 Oct 2024 07:35:13 GMT" as "02"
ERROR:	2024/10/11 13:08:20 cleaner.go:46: Error parsing date: parsing time "Fri, 07 Oct 2024 07:35:13 GMT" as "02 Jan 06 15:04 MST": cannot parse "Fri, 07 Oct 2024 07:35:13 GMT" as "02"
ERROR:	2024/10/11 13:08:20 cleaner.go:46: Error parsing date: parsing time "Fri, 07 Oct 2024 07:35:13 GMT" as "02 Jan 06 15:04 MST": cannot parse "Fri, 07 Oct 2024 07:35:13 GMT" as "02"
ERROR:	2024/10/11 13:08:20 cleaner.go:46: Error parsing date: parsing time "Fri, 07 Oct 2024 07:35:13 GMT" as "02 Jan 06 15:04 MST": cannot parse "Fri, 07 Oct 2024 07:35:13 GMT" as "02"
INFO:	2024/10/11 13:08:20 Updated item_counts=15 for feed=nordic.xml
INFO:	2024/10/11 13:08:20 Cleaned feed with url=https://nordictechjobs.com/jobs
INFO:	2024/10/11 13:08:20 Finished Cleaning feeds
INFO:	2024/10/11 13:10:22 Starting server on :8080
INFO:	2024/10/11 13:10:25 [::1]:54834 - HTTP/1.1 GET /clean
INFO:	2024/10/11 13:10:25 Current Feed count=1
INFO:	2024/10/11 13:10:25 Started Cleaning feeds
INFO:	2024/10/11 13:10:25 Cleaning feed with url=https://nordictechjobs.com/jobs
INFO:	2024/10/11 13:10:25 Current item_counts=15 for feed=nordic.xml
INFO:	2024/10/11 13:10:25 Updated item_counts=11 for feed=nordic.xml
INFO:	2024/10/11 13:10:25 Cleaned feed with url=https://nordictechjobs.com/jobs
INFO:	2024/10/11 13:10:25 Finished Cleaning feeds
INFO:	2024/10/11 13:13:33 Starting server on :8080
INFO:	2024/10/11 13:13:38 [::1]:54839 - HTTP/1.1 GET /clean
INFO:	2024/10/11 13:13:38 Current Feed count=1
INFO:	2024/10/11 13:13:38 Started Cleaning feeds
INFO:	2024/10/11 13:13:38 Cleaning feed with url=https://nordictechjobs.com/jobs
INFO:	2024/10/11 13:13:38 Current item_counts=15 for feed=nordic.xml
INFO:	2024/10/11 13:13:38 Updated item_counts=11 for feed=nordic.xml
INFO:	2024/10/11 13:13:38 Cleaned feed with url=https://nordictechjobs.com/jobs
INFO:	2024/10/11 13:13:38 Finished Cleaning feeds
INFO:	2024/10/11 13:13:44 [::1]:54840 - HTTP/1.1 GET /static/rss/nordic.xml
